-------------------------------------------------------------------------------
Test set: br.ce.wcaquino.tests.MovimentacaoTest
-------------------------------------------------------------------------------
Tests run: 3, Failures: 0, Errors: 3, Skipped: 0, Time elapsed: 24.451 sec <<< FAILURE! - in br.ce.wcaquino.tests.MovimentacaoTest
test2CamposObrigatorios(br.ce.wcaquino.tests.MovimentacaoTest)  Time elapsed: 8.391 sec  <<< ERROR!
org.openqa.selenium.StaleElementReferenceException: The element reference of <a> stale: either the element is no longer attached to the DOM or the page has been refreshed
For documentation on this error, please visit: http://seleniumhq.org/exceptions/stale_element_reference.html
Build info: version: '3.4.0', revision: 'unknown', time: 'unknown'
System info: host: 'WC.local', ip: '192.168.0.184', os.name: 'Mac OS X', os.arch: 'x86_64', os.version: '10.12.6', java.version: '1.8.0_121'
Driver info: org.openqa.selenium.firefox.FirefoxDriver
Capabilities [{moz:profile=/var/folders/9v/190xzr9d70ggdm6rrx31cm980000gn/T/rust_mozprofile.WdvdQqPqwZhr, rotatable=false, timeouts={implicit=0.0, pageLoad=300000.0, script=30000.0}, pageLoadStrategy=normal, platform=ANY, specificationLevel=0.0, moz:accessibilityChecks=false, acceptInsecureCerts=false, browserVersion=54.0, platformVersion=16.7.0, moz:processID=74564.0, browserName=firefox, javascriptEnabled=true, platformName=darwin}]
Session ID: 9813f839-e6a7-3b41-b317-26710ac6ef69
	at sun.reflect.NativeConstructorAccessorImpl.newInstance0(Native Method)
	at sun.reflect.NativeConstructorAccessorImpl.newInstance(NativeConstructorAccessorImpl.java:62)
	at sun.reflect.DelegatingConstructorAccessorImpl.newInstance(DelegatingConstructorAccessorImpl.java:45)
	at java.lang.reflect.Constructor.newInstance(Constructor.java:423)
	at org.openqa.selenium.remote.http.W3CHttpResponseCodec.createException(W3CHttpResponseCodec.java:150)
	at org.openqa.selenium.remote.http.W3CHttpResponseCodec.decode(W3CHttpResponseCodec.java:115)
	at org.openqa.selenium.remote.http.W3CHttpResponseCodec.decode(W3CHttpResponseCodec.java:45)
	at org.openqa.selenium.remote.HttpCommandExecutor.execute(HttpCommandExecutor.java:164)
	at org.openqa.selenium.remote.service.DriverCommandExecutor.execute(DriverCommandExecutor.java:82)
	at org.openqa.selenium.remote.RemoteWebDriver.execute(RemoteWebDriver.java:637)
	at org.openqa.selenium.remote.RemoteWebElement.execute(RemoteWebElement.java:272)
	at org.openqa.selenium.remote.RemoteWebElement.click(RemoteWebElement.java:82)
	at br.ce.wcaquino.core.BasePage.clicarLink(BasePage.java:128)
	at br.ce.wcaquino.pages.MenuPage.acessarTelaInserirMovimentacao(MenuPage.java:18)
	at br.ce.wcaquino.tests.MovimentacaoTest.test2CamposObrigatorios(MovimentacaoTest.java:43)

test3InserirMovimentacaoFutura(br.ce.wcaquino.tests.MovimentacaoTest)  Time elapsed: 8.031 sec  <<< ERROR!
org.openqa.selenium.NoSuchElementException: Cannot locate element with text: Conta Alterada 399281460460867
For documentation on this error, please visit: http://seleniumhq.org/exceptions/no_such_element.html
Build info: version: '3.4.0', revision: 'unknown', time: 'unknown'
System info: host: 'WC.local', ip: '192.168.0.184', os.name: 'Mac OS X', os.arch: 'x86_64', os.version: '10.12.6', java.version: '1.8.0_121'
Driver info: driver.version: unknown
	at org.openqa.selenium.support.ui.Select.selectByVisibleText(Select.java:151)
	at br.ce.wcaquino.core.BasePage.selecionarCombo(BasePage.java:58)
	at br.ce.wcaquino.pages.MovimentacaoPage.setConta(MovimentacaoPage.java:36)
	at br.ce.wcaquino.tests.MovimentacaoTest.test3InserirMovimentacaoFutura(MovimentacaoTest.java:67)

test1InserirMovimentacao(br.ce.wcaquino.tests.MovimentacaoTest)  Time elapsed: 8.029 sec  <<< ERROR!
org.openqa.selenium.StaleElementReferenceException: The element reference of <a> stale: either the element is no longer attached to the DOM or the page has been refreshed
For documentation on this error, please visit: http://seleniumhq.org/exceptions/stale_element_reference.html
Build info: version: '3.4.0', revision: 'unknown', time: 'unknown'
System info: host: 'WC.local', ip: '192.168.0.184', os.name: 'Mac OS X', os.arch: 'x86_64', os.version: '10.12.6', java.version: '1.8.0_121'
Driver info: org.openqa.selenium.firefox.FirefoxDriver
Capabilities [{moz:profile=/var/folders/9v/190xzr9d70ggdm6rrx31cm980000gn/T/rust_mozprofile.WdvdQqPqwZhr, rotatable=false, timeouts={implicit=0.0, pageLoad=300000.0, script=30000.0}, pageLoadStrategy=normal, platform=ANY, specificationLevel=0.0, moz:accessibilityChecks=false, acceptInsecureCerts=false, browserVersion=54.0, platformVersion=16.7.0, moz:processID=74564.0, browserName=firefox, javascriptEnabled=true, platformName=darwin}]
Session ID: 9813f839-e6a7-3b41-b317-26710ac6ef69
	at sun.reflect.NativeConstructorAccessorImpl.newInstance0(Native Method)
	at sun.reflect.NativeConstructorAccessorImpl.newInstance(NativeConstructorAccessorImpl.java:62)
	at sun.reflect.DelegatingConstructorAccessorImpl.newInstance(DelegatingConstructorAccessorImpl.java:45)
	at java.lang.reflect.Constructor.newInstance(Constructor.java:423)
	at org.openqa.selenium.remote.http.W3CHttpResponseCodec.createException(W3CHttpResponseCodec.java:150)
	at org.openqa.selenium.remote.http.W3CHttpResponseCodec.decode(W3CHttpResponseCodec.java:115)
	at org.openqa.selenium.remote.http.W3CHttpResponseCodec.decode(W3CHttpResponseCodec.java:45)
	at org.openqa.selenium.remote.HttpCommandExecutor.execute(HttpCommandExecutor.java:164)
	at org.openqa.selenium.remote.service.DriverCommandExecutor.execute(DriverCommandExecutor.java:82)
	at org.openqa.selenium.remote.RemoteWebDriver.execute(RemoteWebDriver.java:637)
	at org.openqa.selenium.remote.RemoteWebElement.execute(RemoteWebElement.java:272)
	at org.openqa.selenium.remote.RemoteWebElement.click(RemoteWebElement.java:82)
	at br.ce.wcaquino.core.BasePage.clicarLink(BasePage.java:128)
	at br.ce.wcaquino.pages.MenuPage.acessarTelaInserirMovimentacao(MenuPage.java:18)
	at br.ce.wcaquino.tests.MovimentacaoTest.test1InserirMovimentacao(MovimentacaoTest.java:27)

